{"total": {"lines":{"total":104,"covered":46,"skipped":0,"pct":44.23},"statements":{"total":106,"covered":46,"skipped":0,"pct":43.39},"functions":{"total":13,"covered":8,"skipped":0,"pct":61.53},"branches":{"total":45,"covered":7,"skipped":0,"pct":15.55},"branchesTrue":{"total":0,"covered":0,"skipped":0,"pct":"Unknown"}}
,"C:\\Users\\offic\\OneDrive\\Desktop\\Work\\Sem 2.2\\DVOPS Project\\DevOps-Project-Drew\\public\\js\\addStudent.js": {"lines":{"total":54,"covered":0,"skipped":0,"pct":0},"functions":{"total":5,"covered":0,"skipped":0,"pct":0},"statements":{"total":54,"covered":0,"skipped":0,"pct":0},"branches":{"total":33,"covered":0,"skipped":0,"pct":0}}
,"C:\\Users\\offic\\OneDrive\\Desktop\\Work\\Sem 2.2\\DVOPS Project\\DevOps-Project-Drew\\public\\js\\updateStudent.js": {"lines":{"total":35,"covered":32,"skipped":0,"pct":91.42},"functions":{"total":4,"covered":4,"skipped":0,"pct":100},"statements":{"total":36,"covered":32,"skipped":0,"pct":88.88},"branches":{"total":10,"covered":6,"skipped":0,"pct":60}}
,"C:\\Users\\offic\\OneDrive\\Desktop\\Work\\Sem 2.2\\DVOPS Project\\DevOps-Project-Drew\\public\\js\\viewStudents.js": {"lines":{"total":15,"covered":14,"skipped":0,"pct":93.33},"functions":{"total":4,"covered":4,"skipped":0,"pct":100},"statements":{"total":16,"covered":14,"skipped":0,"pct":87.5},"branches":{"total":2,"covered":1,"skipped":0,"pct":50}}
}
