TN:
SF:public\js\addStudent.js
FN:2,showModal
FN:7,closeModal
FN:11,addStudent
FN:56,(anonymous_3)
FN:75,(anonymous_4)
FNF:5
FNH:0
FNDA:0,showModal
FNDA:0,closeModal
FNDA:0,addStudent
FNDA:0,(anonymous_3)
FNDA:0,(anonymous_4)
DA:3,0
DA:8,0
DA:12,0
DA:14,0
DA:15,0
DA:16,0
DA:17,0
DA:18,0
DA:19,0
DA:20,0
DA:21,0
DA:22,0
DA:23,0
DA:25,0
DA:27,0
DA:28,0
DA:29,0
DA:30,0
DA:31,0
DA:32,0
DA:33,0
DA:34,0
DA:35,0
DA:36,0
DA:38,0
DA:39,0
DA:40,0
DA:45,0
DA:46,0
DA:47,0
DA:48,0
DA:51,0
DA:53,0
DA:54,0
DA:56,0
DA:57,0
DA:58,0
DA:59,0
DA:60,0
DA:61,0
DA:64,0
DA:65,0
DA:66,0
DA:67,0
DA:68,0
DA:69,0
DA:70,0
DA:71,0
DA:72,0
DA:75,0
DA:76,0
DA:79,0
DA:80,0
DA:84,0
LF:54
LH:0
BRDA:27,0,0,0
BRDA:27,0,1,0
BRDA:27,1,0,0
BRDA:27,1,1,0
BRDA:27,1,2,0
BRDA:27,1,3,0
BRDA:27,1,4,0
BRDA:27,1,5,0
BRDA:27,1,6,0
BRDA:27,1,7,0
BRDA:27,1,8,0
BRDA:29,2,0,0
BRDA:29,2,1,0
BRDA:31,3,0,0
BRDA:31,3,1,0
BRDA:31,4,0,0
BRDA:31,4,1,0
BRDA:31,4,2,0
BRDA:33,5,0,0
BRDA:33,5,1,0
BRDA:33,6,0,0
BRDA:33,6,1,0
BRDA:33,6,2,0
BRDA:35,7,0,0
BRDA:35,7,1,0
BRDA:39,8,0,0
BRDA:39,8,1,0
BRDA:45,9,0,0
BRDA:45,9,1,0
BRDA:59,10,0,0
BRDA:59,10,1,0
BRDA:79,11,0,0
BRDA:79,11,1,0
BRF:33
BRH:0
end_of_record
TN:
SF:public\js\updateStudent.js
FN:2,getStudentIdFromUrl
FN:8,fetchStudentDetails
FN:27,populateForm
FN:39,submitForm
FNF:4
FNH:4
FNDA:8,getStudentIdFromUrl
FNDA:4,fetchStudentDetails
FNDA:4,populateForm
FNDA:4,submitForm
DA:3,8
DA:4,8
DA:9,4
DA:10,4
DA:11,0
DA:12,0
DA:15,4
DA:16,4
DA:17,4
DA:19,4
DA:20,4
DA:22,0
DA:28,4
DA:29,4
DA:30,4
DA:31,4
DA:32,4
DA:33,4
DA:34,4
DA:35,4
DA:40,4
DA:41,4
DA:44,4
DA:45,4
DA:56,4
DA:57,4
DA:65,4
DA:66,3
DA:67,3
DA:70,1
DA:71,1
DA:72,1
DA:74,3
DA:75,3
DA:80,4
LF:35
LH:32
BRDA:10,0,0,0
BRDA:10,0,1,4
BRDA:17,1,0,0
BRDA:17,1,1,4
BRDA:40,2,0,4
BRDA:40,2,1,0
BRDA:65,3,0,3
BRDA:65,3,1,1
BRDA:67,4,0,3
BRDA:67,4,1,0
BRF:10
BRH:6
end_of_record
TN:
SF:public\js\viewStudents.js
FN:1,fetchStudents
FN:13,displayStudents
FN:17,(anonymous_2)
FN:38,redirectToUpdate
FNF:4
FNH:4
FNDA:5,fetchStudents
FNDA:5,displayStudents
FNDA:15,(anonymous_2)
FNDA:4,redirectToUpdate
DA:2,5
DA:3,5
DA:4,5
DA:6,5
DA:7,5
DA:9,0
DA:14,5
DA:15,5
DA:17,5
DA:18,15
DA:19,15
DA:21,15
DA:33,15
DA:40,4
DA:44,5
LF:15
LH:14
BRDA:4,0,0,0
BRDA:4,0,1,5
BRF:2
BRH:1
end_of_record
